
[Incubating] Problems report is available at: file:///C:/Users/Pietro/Desktop/provaproge/OOP24-Poke-Rogue/build/reports/problems/problems-report.html

FAILURE: Build failed with an exception.

* What went wrong:
Task 'checkstyle' is ambiguous in root project 'sample-gradle-project'. Candidates are: 'checkstyleMain', 'checkstyleTest'.

* Try:
> Run gradlew tasks to get a list of available tasks.
> For more on name expansion, please refer to https://docs.gradle.org/8.12.1/userguide/command_line_interface.html#sec:name_abbreviation in the Gradle documentation.
> Run with --stacktrace option to get the stack trace.
> Run with --info or --debug option to get more log output.
> Run with --scan to get full insights.
> Get more help at https://help.gradle.org.

Deprecated Gradle features were used in this build, making it incompatible with Gradle 9.0.

You can use '--warning-mode all' to show the individual deprecation warnings and determine if they come from your own scripts or plugins.

For more on this, please refer to https://docs.gradle.org/8.12.1/userguide/command_line_interface.html#sec:command_line_warnings in the Gradle documentation.

BUILD FAILED in 3s
